# JRE version: Java(TM) SE Runtime Environment (8.0_101-b13) (build 1.8.0_101-b13)
# Java VM: Java HotSpot(TM) 64-Bit Server VM (25.101-b13 mixed mode linux-amd64 compressed oops)
Heap:
 PSYoungGen      total 468992K, used 0K [0x00000000d5580000, 0x0000000100000000, 0x0000000100000000)
  eden space 345600K, 0% used [0x00000000d5580000,0x00000000d5580000,0x00000000ea700000)
  from space 123392K, 0% used [0x00000000f5980000,0x00000000f5980000,0x00000000fd200000)
  to   space 176640K, 0% used [0x00000000ea700000,0x00000000ea700000,0x00000000f5380000)
 ParOldGen       total 350720K, used 290830K [0x0000000080000000, 0x0000000095680000, 0x00000000d5580000)
  object space 350720K, 82% used [0x0000000080000000,0x0000000091c03bd8,0x0000000095680000)
 Metaspace       used 50421K, capacity 51326K, committed 51584K, reserved 1093632K
  class space    used 6739K, capacity 6992K, committed 7040K, reserved 1048576K
GC Heap History (10 events):
Event: 35.752 GC heap after
Heap after GC invocations=35 (full 6):
 PSYoungGen      total 389632K, used 72696K [0x00000000d5580000, 0x00000000f9080000, 0x0000000100000000)
  eden space 316928K, 0% used [0x00000000d5580000,0x00000000d5580000,0x00000000e8b00000)
  from space 72704K, 99% used [0x00000000e8b00000,0x00000000ed1fe348,0x00000000ed200000)
  to   space 112640K, 0% used [0x00000000f2280000,0x00000000f2280000,0x00000000f9080000)
 ParOldGen       total 229888K, used 200388K [0x0000000080000000, 0x000000008e080000, 0x00000000d5580000)
  object space 229888K, 87% used [0x0000000080000000,0x000000008c3b1310,0x000000008e080000)
 Metaspace       used 50379K, capacity 51262K, committed 51584K, reserved 1093632K
  class space    used 6739K, capacity 6992K, committed 7040K, reserved 1048576K
}
Event: 35.752 GC heap before
{Heap before GC invocations=36 (full 7):
 PSYoungGen      total 389632K, used 72696K [0x00000000d5580000, 0x00000000f9080000, 0x0000000100000000)
  eden space 316928K, 0% used [0x00000000d5580000,0x00000000d5580000,0x00000000e8b00000)
  from space 72704K, 99% used [0x00000000e8b00000,0x00000000ed1fe348,0x00000000ed200000)
  to   space 112640K, 0% used [0x00000000f2280000,0x00000000f2280000,0x00000000f9080000)
 ParOldGen       total 229888K, used 200388K [0x0000000080000000, 0x000000008e080000, 0x00000000d5580000)
  object space 229888K, 87% used [0x0000000080000000,0x000000008c3b1310,0x000000008e080000)
 Metaspace       used 50379K, capacity 51262K, committed 51584K, reserved 1093632K
  class space    used 6739K, capacity 6992K, committed 7040K, reserved 1048576K
Event: 36.304 GC heap after
Heap after GC invocations=36 (full 7):
 PSYoungGen      total 389632K, used 0K [0x00000000d5580000, 0x00000000f9080000, 0x0000000100000000)
  eden space 316928K, 0% used [0x00000000d5580000,0x00000000d5580000,0x00000000e8b00000)
  from space 72704K, 0% used [0x00000000e8b00000,0x00000000e8b00000,0x00000000ed200000)
  to   space 112640K, 0% used [0x00000000f2280000,0x00000000f2280000,0x00000000f9080000)
 ParOldGen       total 350720K, used 212816K [0x0000000080000000, 0x0000000095680000, 0x00000000d5580000)
  object space 350720K, 60% used [0x0000000080000000,0x000000008cfd40c0,0x0000000095680000)
 Metaspace       used 50379K, capacity 51262K, committed 51584K, reserved 1093632K
  class space    used 6739K, capacity 6992K, committed 7040K, reserved 1048576K
}
Event: 37.261 GC heap before
{Heap before GC invocations=37 (full 7):
 PSYoungGen      total 389632K, used 316928K [0x00000000d5580000, 0x00000000f9080000, 0x0000000100000000)
  eden space 316928K, 100% used [0x00000000d5580000,0x00000000e8b00000,0x00000000e8b00000)
  from space 72704K, 0% used [0x00000000e8b00000,0x00000000e8b00000,0x00000000ed200000)
  to   space 112640K, 0% used [0x00000000f2280000,0x00000000f2280000,0x00000000f9080000)
 ParOldGen       total 350720K, used 212816K [0x0000000080000000, 0x0000000095680000, 0x00000000d5580000)
  object space 350720K, 60% used [0x0000000080000000,0x000000008cfd40c0,0x0000000095680000)
 Metaspace       used 50402K, capacity 51326K, committed 51584K, reserved 1093632K
  class space    used 6739K, capacity 6992K, committed 7040K, reserved 1048576K
Event: 37.374 GC heap after
Heap after GC invocations=37 (full 7):
 PSYoungGen      total 457728K, used 48080K [0x00000000d5580000, 0x00000000f8500000, 0x0000000100000000)
  eden space 356864K, 0% used [0x00000000d5580000,0x00000000d5580000,0x00000000eb200000)
  from space 100864K, 47% used [0x00000000f2280000,0x00000000f51741c8,0x00000000f8500000)
  to   space 108032K, 0% used [0x00000000eb200000,0x00000000eb200000,0x00000000f1b80000)
 ParOldGen       total 350720K, used 212824K [0x0000000080000000, 0x0000000095680000, 0x00000000d5580000)
  object space 350720K, 60% used [0x0000000080000000,0x000000008cfd60c0,0x0000000095680000)
 Metaspace       used 50402K, capacity 51326K, committed 51584K, reserved 1093632K
  class space    used 6739K, capacity 6992K, committed 7040K, reserved 1048576K
}
Event: 38.505 GC heap before
{Heap before GC invocations=38 (full 7):
 PSYoungGen      total 457728K, used 404944K [0x00000000d5580000, 0x00000000f8500000, 0x0000000100000000)
  eden space 356864K, 100% used [0x00000000d5580000,0x00000000eb200000,0x00000000eb200000)
  from space 100864K, 47% used [0x00000000f2280000,0x00000000f51741c8,0x00000000f8500000)
  to   space 108032K, 0% used [0x00000000eb200000,0x00000000eb200000,0x00000000f1b80000)
 ParOldGen       total 350720K, used 212824K [0x0000000080000000, 0x0000000095680000, 0x00000000d5580000)
  object space 350720K, 60% used [0x0000000080000000,0x000000008cfd60c0,0x0000000095680000)
 Metaspace       used 50416K, capacity 51326K, committed 51584K, reserved 1093632K
  class space    used 6739K, capacity 6992K, committed 7040K, reserved 1048576K
Event: 38.697 GC heap after
Heap after GC invocations=38 (full 7):
 PSYoungGen      total 464896K, used 102235K [0x00000000d5580000, 0x00000000fd200000, 0x0000000100000000)
  eden space 356864K, 0% used [0x00000000d5580000,0x00000000d5580000,0x00000000eb200000)
  from space 108032K, 94% used [0x00000000eb200000,0x00000000f15d6d58,0x00000000f1b80000)
  to   space 123392K, 0% used [0x00000000f5980000,0x00000000f5980000,0x00000000fd200000)
 ParOldGen       total 350720K, used 212832K [0x0000000080000000, 0x0000000095680000, 0x00000000d5580000)
  object space 350720K, 60% used [0x0000000080000000,0x000000008cfd80c0,0x0000000095680000)
 Metaspace       used 50416K, capacity 51326K, committed 51584K, reserved 1093632K
  class space    used 6739K, capacity 6992K, committed 7040K, reserved 1048576K
}
Event: 39.397 GC heap before
{Heap before GC invocations=39 (full 7):
 PSYoungGen      total 464896K, used 459099K [0x00000000d5580000, 0x00000000fd200000, 0x0000000100000000)
  eden space 356864K, 100% used [0x00000000d5580000,0x00000000eb200000,0x00000000eb200000)
  from space 108032K, 94% used [0x00000000eb200000,0x00000000f15d6d58,0x00000000f1b80000)
  to   space 123392K, 0% used [0x00000000f5980000,0x00000000f5980000,0x00000000fd200000)
 ParOldGen       total 350720K, used 212832K [0x0000000080000000, 0x0000000095680000, 0x00000000d5580000)
  object space 350720K, 60% used [0x0000000080000000,0x000000008cfd80c0,0x0000000095680000)
 Metaspace       used 50421K, capacity 51326K, committed 51584K, reserved 1093632K
  class space    used 6739K, capacity 6992K, committed 7040K, reserved 1048576K
Event: 42.099 GC heap after
Heap after GC invocations=39 (full 7):
 PSYoungGen      total 468992K, used 123379K [0x00000000d5580000, 0x0000000100000000, 0x0000000100000000)
  eden space 345600K, 0% used [0x00000000d5580000,0x00000000d5580000,0x00000000ea700000)
  from space 123392K, 99% used [0x00000000f5980000,0x00000000fd1fcd90,0x00000000fd200000)
  to   space 176640K, 0% used [0x00000000ea700000,0x00000000ea700000,0x00000000f5380000)
 ParOldGen       total 350720K, used 301162K [0x0000000080000000, 0x0000000095680000, 0x00000000d5580000)
  object space 350720K, 85% used [0x0000000080000000,0x000000009261a828,0x0000000095680000)
 Metaspace       used 50421K, capacity 51326K, committed 51584K, reserved 1093632K
  class space    used 6739K, capacity 6992K, committed 7040K, reserved 1048576K
}
Event: 42.199 GC heap before
{Heap before GC invocations=40 (full 8):
 PSYoungGen      total 468992K, used 123379K [0x00000000d5580000, 0x0000000100000000, 0x0000000100000000)
  eden space 345600K, 0% used [0x00000000d5580000,0x00000000d5580000,0x00000000ea700000)
  from space 123392K, 99% used [0x00000000f5980000,0x00000000fd1fcd90,0x00000000fd200000)
  to   space 176640K, 0% used [0x00000000ea700000,0x00000000ea700000,0x00000000f5380000)
 ParOldGen       total 350720K, used 301162K [0x0000000080000000, 0x0000000095680000, 0x00000000d5580000)
  object space 350720K, 85% used [0x0000000080000000,0x000000009261a828,0x0000000095680000)
 Metaspace       used 50421K, capacity 51326K, committed 51584K, reserved 1093632K
  class space    used 6739K, capacity 6992K, committed 7040K, reserved 1048576K

