# JRE version: Java(TM) SE Runtime Environment (8.0_101-b13) (build 1.8.0_101-b13)
# Java VM: Java HotSpot(TM) 64-Bit Server VM (25.101-b13 mixed mode linux-amd64 compressed oops)
Heap:
 PSYoungGen      total 157696K, used 12257K [0x00000000d5580000, 0x00000000dfe80000, 0x0000000100000000)
  eden space 145408K, 0% used [0x00000000d5580000,0x00000000d5580000,0x00000000de380000)
  from space 12288K, 99% used [0x00000000de380000,0x00000000def787c0,0x00000000def80000)
  to   space 11776K, 0% used [0x00000000def80000,0x00000000def80000,0x00000000dfb00000)
 ParOldGen       total 50176K, used 20286K [0x0000000080000000, 0x0000000083100000, 0x00000000d5580000)
  object space 50176K, 40% used [0x0000000080000000,0x00000000813cf828,0x0000000083100000)
 Metaspace       used 43052K, capacity 43876K, committed 44160K, reserved 1087488K
  class space    used 5969K, capacity 6180K, committed 6272K, reserved 1048576K
GC Heap History (10 events):
Event: 10.221 GC heap after
Heap after GC invocations=8 (full 1):
 PSYoungGen      total 70144K, used 6823K [0x00000000d5580000, 0x00000000dcf80000, 0x0000000100000000)
  eden space 61440K, 0% used [0x00000000d5580000,0x00000000d5580000,0x00000000d9180000)
  from space 8704K, 78% used [0x00000000d9180000,0x00000000d9829dd0,0x00000000d9a00000)
  to   space 9216K, 0% used [0x00000000dc680000,0x00000000dc680000,0x00000000dcf80000)
 ParOldGen       total 36352K, used 11842K [0x0000000080000000, 0x0000000082380000, 0x00000000d5580000)
  object space 36352K, 32% used [0x0000000080000000,0x0000000080b90a28,0x0000000082380000)
 Metaspace       used 25508K, capacity 25962K, committed 26368K, reserved 1071104K
  class space    used 3594K, capacity 3713K, committed 3840K, reserved 1048576K
}
Event: 11.830 GC heap before
{Heap before GC invocations=9 (full 1):
 PSYoungGen      total 70144K, used 68263K [0x00000000d5580000, 0x00000000dcf80000, 0x0000000100000000)
  eden space 61440K, 100% used [0x00000000d5580000,0x00000000d9180000,0x00000000d9180000)
  from space 8704K, 78% used [0x00000000d9180000,0x00000000d9829dd0,0x00000000d9a00000)
  to   space 9216K, 0% used [0x00000000dc680000,0x00000000dc680000,0x00000000dcf80000)
 ParOldGen       total 36352K, used 11842K [0x0000000080000000, 0x0000000082380000, 0x00000000d5580000)
  object space 36352K, 32% used [0x0000000080000000,0x0000000080b90a28,0x0000000082380000)
 Metaspace       used 27843K, capacity 28358K, committed 28672K, reserved 1073152K
  class space    used 3885K, capacity 4041K, committed 4096K, reserved 1048576K
Event: 11.843 GC heap after
Heap after GC invocations=9 (full 1):
 PSYoungGen      total 110592K, used 5388K [0x00000000d5580000, 0x00000000dcd00000, 0x0000000100000000)
  eden space 103936K, 0% used [0x00000000d5580000,0x00000000d5580000,0x00000000dbb00000)
  from space 6656K, 80% used [0x00000000dc680000,0x00000000dcbc3210,0x00000000dcd00000)
  to   space 9216K, 0% used [0x00000000dbb00000,0x00000000dbb00000,0x00000000dc400000)
 ParOldGen       total 36352K, used 11858K [0x0000000080000000, 0x0000000082380000, 0x00000000d5580000)
  object space 36352K, 32% used [0x0000000080000000,0x0000000080b94a40,0x0000000082380000)
 Metaspace       used 27843K, capacity 28358K, committed 28672K, reserved 1073152K
  class space    used 3885K, capacity 4041K, committed 4096K, reserved 1048576K
}
Event: 16.437 GC heap before
{Heap before GC invocations=10 (full 1):
 PSYoungGen      total 110592K, used 109324K [0x00000000d5580000, 0x00000000dcd00000, 0x0000000100000000)
  eden space 103936K, 100% used [0x00000000d5580000,0x00000000dbb00000,0x00000000dbb00000)
  from space 6656K, 80% used [0x00000000dc680000,0x00000000dcbc3210,0x00000000dcd00000)
  to   space 9216K, 0% used [0x00000000dbb00000,0x00000000dbb00000,0x00000000dc400000)
 ParOldGen       total 36352K, used 11858K [0x0000000080000000, 0x0000000082380000, 0x00000000d5580000)
  object space 36352K, 32% used [0x0000000080000000,0x0000000080b94a40,0x0000000082380000)
 Metaspace       used 33505K, capacity 34078K, committed 34304K, reserved 1079296K
  class space    used 4607K, capacity 4770K, committed 4864K, reserved 1048576K
Event: 16.481 GC heap after
Heap after GC invocations=10 (full 1):
 PSYoungGen      total 113152K, used 9194K [0x00000000d5580000, 0x00000000dfb00000, 0x0000000100000000)
  eden space 103936K, 0% used [0x00000000d5580000,0x00000000d5580000,0x00000000dbb00000)
  from space 9216K, 99% used [0x00000000dbb00000,0x00000000dc3fab88,0x00000000dc400000)
  to   space 11776K, 0% used [0x00000000def80000,0x00000000def80000,0x00000000dfb00000)
 ParOldGen       total 36352K, used 15177K [0x0000000080000000, 0x0000000082380000, 0x00000000d5580000)
  object space 36352K, 41% used [0x0000000080000000,0x0000000080ed2478,0x0000000082380000)
 Metaspace       used 33505K, capacity 34078K, committed 34304K, reserved 1079296K
  class space    used 4607K, capacity 4770K, committed 4864K, reserved 1048576K
}
Event: 18.032 GC heap before
{Heap before GC invocations=11 (full 1):
 PSYoungGen      total 113152K, used 42809K [0x00000000d5580000, 0x00000000dfb00000, 0x0000000100000000)
  eden space 103936K, 32% used [0x00000000d5580000,0x00000000d7653b48,0x00000000dbb00000)
  from space 9216K, 99% used [0x00000000dbb00000,0x00000000dc3fab88,0x00000000dc400000)
  to   space 11776K, 0% used [0x00000000def80000,0x00000000def80000,0x00000000dfb00000)
 ParOldGen       total 36352K, used 15177K [0x0000000080000000, 0x0000000082380000, 0x00000000d5580000)
  object space 36352K, 41% used [0x0000000080000000,0x0000000080ed2478,0x0000000082380000)
 Metaspace       used 34605K, capacity 35208K, committed 35456K, reserved 1079296K
  class space    used 4776K, capacity 4911K, committed 4992K, reserved 1048576K
Event: 18.081 GC heap after
Heap after GC invocations=11 (full 1):
 PSYoungGen      total 157184K, used 9221K [0x00000000d5580000, 0x00000000dfe80000, 0x0000000100000000)
  eden space 145408K, 0% used [0x00000000d5580000,0x00000000d5580000,0x00000000de380000)
  from space 11776K, 78% used [0x00000000def80000,0x00000000df8816d8,0x00000000dfb00000)
  to   space 12288K, 0% used [0x00000000de380000,0x00000000de380000,0x00000000def80000)
 ParOldGen       total 36352K, used 18229K [0x0000000080000000, 0x0000000082380000, 0x00000000d5580000)
  object space 36352K, 50% used [0x0000000080000000,0x00000000811cd4a8,0x0000000082380000)
 Metaspace       used 34605K, capacity 35208K, committed 35456K, reserved 1079296K
  class space    used 4776K, capacity 4911K, committed 4992K, reserved 1048576K
}
Event: 18.081 GC heap before
{Heap before GC invocations=12 (full 2):
 PSYoungGen      total 157184K, used 9221K [0x00000000d5580000, 0x00000000dfe80000, 0x0000000100000000)
  eden space 145408K, 0% used [0x00000000d5580000,0x00000000d5580000,0x00000000de380000)
  from space 11776K, 78% used [0x00000000def80000,0x00000000df8816d8,0x00000000dfb00000)
  to   space 12288K, 0% used [0x00000000de380000,0x00000000de380000,0x00000000def80000)
 ParOldGen       total 36352K, used 18229K [0x0000000080000000, 0x0000000082380000, 0x00000000d5580000)
  object space 36352K, 50% used [0x0000000080000000,0x00000000811cd4a8,0x0000000082380000)
 Metaspace       used 34605K, capacity 35208K, committed 35456K, reserved 1079296K
  class space    used 4776K, capacity 4911K, committed 4992K, reserved 1048576K
Event: 18.192 GC heap after
Heap after GC invocations=12 (full 2):
 PSYoungGen      total 157184K, used 0K [0x00000000d5580000, 0x00000000dfe80000, 0x0000000100000000)
  eden space 145408K, 0% used [0x00000000d5580000,0x00000000d5580000,0x00000000de380000)
  from space 11776K, 0% used [0x00000000def80000,0x00000000def80000,0x00000000dfb00000)
  to   space 12288K, 0% used [0x00000000de380000,0x00000000de380000,0x00000000def80000)
 ParOldGen       total 50176K, used 18833K [0x0000000080000000, 0x0000000083100000, 0x00000000d5580000)
  object space 50176K, 37% used [0x0000000080000000,0x00000000812647f8,0x0000000083100000)
 Metaspace       used 34605K, capacity 35208K, committed 35456K, reserved 1079296K
  class space    used 4776K, capacity 4911K, committed 4992K, reserved 1048576K
}
Event: 28.648 GC heap before
{Heap before GC invocations=13 (full 2):
 PSYoungGen      total 157184K, used 145408K [0x00000000d5580000, 0x00000000dfe80000, 0x0000000100000000)
  eden space 145408K, 100% used [0x00000000d5580000,0x00000000de380000,0x00000000de380000)
  from space 11776K, 0% used [0x00000000def80000,0x00000000def80000,0x00000000dfb00000)
  to   space 12288K, 0% used [0x00000000de380000,0x00000000de380000,0x00000000def80000)
 ParOldGen       total 50176K, used 18833K [0x0000000080000000, 0x0000000083100000, 0x00000000d5580000)
  object space 50176K, 37% used [0x0000000080000000,0x00000000812647f8,0x0000000083100000)
 Metaspace       used 43052K, capacity 43876K, committed 44160K, reserved 1087488K
  class space    used 5969K, capacity 6180K, committed 6272K, reserved 1048576K

