# JRE version: Java(TM) SE Runtime Environment (8.0_101-b13) (build 1.8.0_101-b13)
# Java VM: Java HotSpot(TM) 64-Bit Server VM (25.101-b13 mixed mode linux-amd64 compressed oops)
Heap:
 PSYoungGen      total 275968K, used 18420K [0x00000000eab00000, 0x00000000fca80000, 0x0000000100000000)
  eden space 257536K, 0% used [0x00000000eab00000,0x00000000eab00000,0x00000000fa680000)
  from space 18432K, 99% used [0x00000000fb880000,0x00000000fca7d140,0x00000000fca80000)
  to   space 4608K, 0% used [0x00000000fa680000,0x00000000fa680000,0x00000000fab00000)
 ParOldGen       total 60928K, used 45634K [0x00000000c0000000, 0x00000000c3b80000, 0x00000000eab00000)
  object space 60928K, 74% used [0x00000000c0000000,0x00000000c2c908a0,0x00000000c3b80000)
 Metaspace       used 55602K, capacity 57292K, committed 57472K, reserved 1099776K
  class space    used 7408K, capacity 7739K, committed 7808K, reserved 1048576K
GC Heap History (10 events):
Event: 683.599 GC heap after
Heap after GC invocations=16 (full 3):
 PSYoungGen      total 219648K, used 4816K [0x00000000eab00000, 0x00000000fcc80000, 0x0000000100000000)
  eden space 200192K, 0% used [0x00000000eab00000,0x00000000eab00000,0x00000000f6e80000)
  from space 19456K, 24% used [0x00000000f6e80000,0x00000000f73340f0,0x00000000f8180000)
  to   space 19456K, 0% used [0x00000000fb980000,0x00000000fb980000,0x00000000fcc80000)
 ParOldGen       total 60928K, used 35630K [0x00000000c0000000, 0x00000000c3b80000, 0x00000000eab00000)
  object space 60928K, 58% used [0x00000000c0000000,0x00000000c22cb870,0x00000000c3b80000)
 Metaspace       used 49285K, capacity 50512K, committed 50560K, reserved 1093632K
  class space    used 6712K, capacity 7029K, committed 7040K, reserved 1048576K
}
Event: 691.702 GC heap before
{Heap before GC invocations=17 (full 3):
 PSYoungGen      total 219648K, used 181996K [0x00000000eab00000, 0x00000000fcc80000, 0x0000000100000000)
  eden space 200192K, 88% used [0x00000000eab00000,0x00000000f5807128,0x00000000f6e80000)
  from space 19456K, 24% used [0x00000000f6e80000,0x00000000f73340f0,0x00000000f8180000)
  to   space 19456K, 0% used [0x00000000fb980000,0x00000000fb980000,0x00000000fcc80000)
 ParOldGen       total 60928K, used 35630K [0x00000000c0000000, 0x00000000c3b80000, 0x00000000eab00000)
  object space 60928K, 58% used [0x00000000c0000000,0x00000000c22cb870,0x00000000c3b80000)
 Metaspace       used 49666K, capacity 50916K, committed 51200K, reserved 1093632K
  class space    used 6720K, capacity 7043K, committed 7168K, reserved 1048576K
Event: 691.709 GC heap after
Heap after GC invocations=17 (full 3):
 PSYoungGen      total 275968K, used 4592K [0x00000000eab00000, 0x00000000fcb80000, 0x0000000100000000)
  eden space 257536K, 0% used [0x00000000eab00000,0x00000000eab00000,0x00000000fa680000)
  from space 18432K, 24% used [0x00000000fb980000,0x00000000fbdfc0f0,0x00000000fcb80000)
  to   space 18944K, 0% used [0x00000000fa680000,0x00000000fa680000,0x00000000fb900000)
 ParOldGen       total 60928K, used 35638K [0x00000000c0000000, 0x00000000c3b80000, 0x00000000eab00000)
  object space 60928K, 58% used [0x00000000c0000000,0x00000000c22cd870,0x00000000c3b80000)
 Metaspace       used 49666K, capacity 50916K, committed 51200K, reserved 1093632K
  class space    used 6720K, capacity 7043K, committed 7168K, reserved 1048576K
}
Event: 691.723 GC heap before
{Heap before GC invocations=18 (full 4):
 PSYoungGen      total 275968K, used 4592K [0x00000000eab00000, 0x00000000fcb80000, 0x0000000100000000)
  eden space 257536K, 0% used [0x00000000eab00000,0x00000000eab00000,0x00000000fa680000)
  from space 18432K, 24% used [0x00000000fb980000,0x00000000fbdfc0f0,0x00000000fcb80000)
  to   space 18944K, 0% used [0x00000000fa680000,0x00000000fa680000,0x00000000fb900000)
 ParOldGen       total 60928K, used 35638K [0x00000000c0000000, 0x00000000c3b80000, 0x00000000eab00000)
  object space 60928K, 58% used [0x00000000c0000000,0x00000000c22cd870,0x00000000c3b80000)
 Metaspace       used 49666K, capacity 50916K, committed 51200K, reserved 1093632K
  class space    used 6720K, capacity 7043K, committed 7168K, reserved 1048576K
Event: 692.125 GC heap after
Heap after GC invocations=18 (full 4):
 PSYoungGen      total 275968K, used 0K [0x00000000eab00000, 0x00000000fcb80000, 0x0000000100000000)
  eden space 257536K, 0% used [0x00000000eab00000,0x00000000eab00000,0x00000000fa680000)
  from space 18432K, 0% used [0x00000000fb980000,0x00000000fb980000,0x00000000fcb80000)
  to   space 18944K, 0% used [0x00000000fa680000,0x00000000fa680000,0x00000000fb900000)
 ParOldGen       total 60928K, used 35116K [0x00000000c0000000, 0x00000000c3b80000, 0x00000000eab00000)
  object space 60928K, 57% used [0x00000000c0000000,0x00000000c224b3f0,0x00000000c3b80000)
 Metaspace       used 49666K, capacity 50916K, committed 51200K, reserved 1093632K
  class space    used 6720K, capacity 7043K, committed 7168K, reserved 1048576K
}
Event: 852.225 GC heap before
{Heap before GC invocations=19 (full 4):
 PSYoungGen      total 275968K, used 189701K [0x00000000eab00000, 0x00000000fcb80000, 0x0000000100000000)
  eden space 257536K, 73% used [0x00000000eab00000,0x00000000f64415c8,0x00000000fa680000)
  from space 18432K, 0% used [0x00000000fb980000,0x00000000fb980000,0x00000000fcb80000)
  to   space 18944K, 0% used [0x00000000fa680000,0x00000000fa680000,0x00000000fb900000)
 ParOldGen       total 60928K, used 35116K [0x00000000c0000000, 0x00000000c3b80000, 0x00000000eab00000)
  object space 60928K, 57% used [0x00000000c0000000,0x00000000c224b3f0,0x00000000c3b80000)
 Metaspace       used 50179K, capacity 51748K, committed 51968K, reserved 1093632K
  class space    used 6761K, capacity 7111K, committed 7168K, reserved 1048576K
Event: 852.230 GC heap after
Heap after GC invocations=19 (full 4):
 PSYoungGen      total 262144K, used 4352K [0x00000000eab00000, 0x00000000fca80000, 0x0000000100000000)
  eden space 257536K, 0% used [0x00000000eab00000,0x00000000eab00000,0x00000000fa680000)
  from space 4608K, 94% used [0x00000000fa680000,0x00000000faac00e0,0x00000000fab00000)
  to   space 18432K, 0% used [0x00000000fb880000,0x00000000fb880000,0x00000000fca80000)
 ParOldGen       total 60928K, used 35124K [0x00000000c0000000, 0x00000000c3b80000, 0x00000000eab00000)
  object space 60928K, 57% used [0x00000000c0000000,0x00000000c224d3f0,0x00000000c3b80000)
 Metaspace       used 50179K, capacity 51748K, committed 51968K, reserved 1093632K
  class space    used 6761K, capacity 7111K, committed 7168K, reserved 1048576K
}
Event: 852.230 GC heap before
{Heap before GC invocations=20 (full 5):
 PSYoungGen      total 262144K, used 4352K [0x00000000eab00000, 0x00000000fca80000, 0x0000000100000000)
  eden space 257536K, 0% used [0x00000000eab00000,0x00000000eab00000,0x00000000fa680000)
  from space 4608K, 94% used [0x00000000fa680000,0x00000000faac00e0,0x00000000fab00000)
  to   space 18432K, 0% used [0x00000000fb880000,0x00000000fb880000,0x00000000fca80000)
 ParOldGen       total 60928K, used 35124K [0x00000000c0000000, 0x00000000c3b80000, 0x00000000eab00000)
  object space 60928K, 57% used [0x00000000c0000000,0x00000000c224d3f0,0x00000000c3b80000)
 Metaspace       used 50179K, capacity 51748K, committed 51968K, reserved 1093632K
  class space    used 6761K, capacity 7111K, committed 7168K, reserved 1048576K
Event: 852.577 GC heap after
Heap after GC invocations=20 (full 5):
 PSYoungGen      total 262144K, used 0K [0x00000000eab00000, 0x00000000fca80000, 0x0000000100000000)
  eden space 257536K, 0% used [0x00000000eab00000,0x00000000eab00000,0x00000000fa680000)
  from space 4608K, 0% used [0x00000000fa680000,0x00000000fa680000,0x00000000fab00000)
  to   space 18432K, 0% used [0x00000000fb880000,0x00000000fb880000,0x00000000fca80000)
 ParOldGen       total 60928K, used 35337K [0x00000000c0000000, 0x00000000c3b80000, 0x00000000eab00000)
  object space 60928K, 57% used [0x00000000c0000000,0x00000000c2282688,0x00000000c3b80000)
 Metaspace       used 50179K, capacity 51748K, committed 51968K, reserved 1093632K
  class space    used 6761K, capacity 7111K, committed 7168K, reserved 1048576K
}
Event: 1022.258 GC heap before
{Heap before GC invocations=21 (full 5):
 PSYoungGen      total 262144K, used 257536K [0x00000000eab00000, 0x00000000fca80000, 0x0000000100000000)
  eden space 257536K, 100% used [0x00000000eab00000,0x00000000fa680000,0x00000000fa680000)
  from space 4608K, 0% used [0x00000000fa680000,0x00000000fa680000,0x00000000fab00000)
  to   space 18432K, 0% used [0x00000000fb880000,0x00000000fb880000,0x00000000fca80000)
 ParOldGen       total 60928K, used 35337K [0x00000000c0000000, 0x00000000c3b80000, 0x00000000eab00000)
  object space 60928K, 57% used [0x00000000c0000000,0x00000000c2282688,0x00000000c3b80000)
 Metaspace       used 55602K, capacity 57292K, committed 57472K, reserved 1099776K
  class space    used 7408K, capacity 7739K, committed 7808K, reserved 1048576K

